<?xml version="1.0" encoding="UTF-8"?>
<testng-results ignored="0" total="1" passed="1" failed="0" skipped="0">
  <reporter-output>
  </reporter-output>
  <suite started-at="2021-08-25T18:58:13 UTC" name="Continuous-Testing" finished-at="2021-08-25T18:58:24 UTC" duration-ms="10505">
    <groups>
    </groups>
    <test started-at="2021-08-25T18:58:13 UTC" name="Regression-Testing" finished-at="2021-08-25T18:58:24 UTC" duration-ms="10505">
      <class name="com.continuoustesting.testcases.VisaRegistration">
        <test-method is-config="true" signature="springTestContextBeforeTestClass()[pri:0, instance:com.continuoustesting.testcases.VisaRegistration@6c61a903]" started-at="2021-08-25T18:58:13 UTC" name="springTestContextBeforeTestClass" finished-at="2021-08-25T18:58:13 UTC" duration-ms="12" status="PASS">
          <reporter-output>
          </reporter-output>
        </test-method> <!-- springTestContextBeforeTestClass -->
        <test-method is-config="true" signature="springTestContextPrepareTestInstance()[pri:0, instance:com.continuoustesting.testcases.VisaRegistration@6c61a903]" started-at="2021-08-25T18:58:13 UTC" name="springTestContextPrepareTestInstance" finished-at="2021-08-25T18:58:19 UTC" depends-on-methods="org.springframework.test.context.testng.AbstractTestNGSpringContextTests.springTestContextBeforeTestClass" duration-ms="6241" status="PASS">
          <reporter-output>
          </reporter-output>
        </test-method> <!-- springTestContextPrepareTestInstance -->
        <test-method is-config="true" signature="springTestContextBeforeTestMethod(java.lang.reflect.Method)[pri:0, instance:com.continuoustesting.testcases.VisaRegistration@6c61a903]" started-at="2021-08-25T18:58:19 UTC" name="springTestContextBeforeTestMethod" finished-at="2021-08-25T18:58:19 UTC" duration-ms="3" status="PASS">
          <params>
            <param index="0">
              <value>
                <![CDATA[public void com.continuoustesting.testcases.VisaRegistration.visaRegistration()]]>
              </value>
            </param>
          </params>
          <reporter-output>
          </reporter-output>
        </test-method> <!-- springTestContextBeforeTestMethod -->
        <test-method signature="visaRegistration()[pri:0, instance:com.continuoustesting.testcases.VisaRegistration@6c61a903]" started-at="2021-08-25T18:58:19 UTC" name="visaRegistration" finished-at="2021-08-25T18:58:24 UTC" duration-ms="4195" status="PASS">
          <reporter-output>
          </reporter-output>
        </test-method> <!-- visaRegistration -->
        <test-method is-config="true" signature="springTestContextAfterTestMethod(java.lang.reflect.Method)[pri:0, instance:com.continuoustesting.testcases.VisaRegistration@6c61a903]" started-at="2021-08-25T18:58:24 UTC" name="springTestContextAfterTestMethod" finished-at="2021-08-25T18:58:24 UTC" duration-ms="17" status="PASS">
          <params>
            <param index="0">
              <value>
                <![CDATA[public void com.continuoustesting.testcases.VisaRegistration.visaRegistration()]]>
              </value>
            </param>
          </params>
          <reporter-output>
          </reporter-output>
        </test-method> <!-- springTestContextAfterTestMethod -->
        <test-method is-config="true" signature="springTestContextAfterTestClass()[pri:0, instance:com.continuoustesting.testcases.VisaRegistration@6c61a903]" started-at="2021-08-25T18:58:24 UTC" name="springTestContextAfterTestClass" finished-at="2021-08-25T18:58:24 UTC" duration-ms="2" status="PASS">
          <reporter-output>
          </reporter-output>
        </test-method> <!-- springTestContextAfterTestClass -->
      </class> <!-- com.continuoustesting.testcases.VisaRegistration -->
    </test> <!-- Regression-Testing -->
  </suite> <!-- Continuous-Testing -->
</testng-results>
